[0m20:27:14.421370 [debug] [MainThread]: Sending event: {'category': 'dbt', 'action': 'invocation', 'label': 'start', 'context': [<snowplow_tracker.self_describing_json.SelfDescribingJson object at 0x795464840670>, <snowplow_tracker.self_describing_json.SelfDescribingJson object at 0x7954637e9660>, <snowplow_tracker.self_describing_json.SelfDescribingJson object at 0x7954637e9600>]}


============================== 20:27:14.425416 | e297000c-8491-47e0-b1fd-074acfabb1fe ==============================
[0m20:27:14.425416 [info ] [MainThread]: Running with dbt=1.9.1
[0m20:27:14.426054 [debug] [MainThread]: running dbt with arguments {'printer_width': '80', 'indirect_selection': 'eager', 'write_json': 'True', 'log_cache_events': 'False', 'partial_parse': 'True', 'cache_selected_only': 'False', 'profiles_dir': '/home/vscode/.dbt', 'debug': 'False', 'fail_fast': 'False', 'log_path': 'logs', 'version_check': 'True', 'warn_error': 'None', 'use_colors': 'True', 'use_experimental_parser': 'False', 'empty': 'None', 'quiet': 'False', 'no_print': 'None', 'log_format': 'default', 'introspect': 'True', 'invocation_command': 'dbt init dbt-model-project', 'static_parser': 'True', 'target_path': 'None', 'warn_error_options': 'WarnErrorOptions(include=[], exclude=[])', 'send_anonymous_usage_stats': 'True'}
[0m20:27:38.604660 [debug] [MainThread]: Starter project path: /home/vscode/.local/lib/python3.10/site-packages/dbt/include/starter_project
[0m20:27:38.611021 [info ] [MainThread]: 
Your new dbt project "dbt_model_project" was created!

For more information on how to configure the profiles.yml file,
please consult the dbt documentation here:

  https://docs.getdbt.com/docs/configure-your-profile

One more thing:

Need help? Don't hesitate to reach out to us via GitHub issues or on Slack:

  https://community.getdbt.com/

Happy modeling!

[0m20:27:38.611560 [info ] [MainThread]: Setting up your profile.
[0m20:29:19.019151 [info ] [MainThread]: Profile dbt_model_project written to /home/vscode/.dbt/profiles.yml using target's profile_template.yml and your supplied values. Run 'dbt debug' to validate the connection.
[0m20:29:19.020533 [debug] [MainThread]: Resource report: {"command_name": "init", "command_success": true, "command_wall_clock_time": 124.654884, "process_in_blocks": "204040", "process_kernel_time": 0.360088, "process_mem_max_rss": "196968", "process_out_blocks": "80", "process_user_time": 1.821418}
[0m20:29:19.021137 [debug] [MainThread]: Command `dbt init` succeeded at 20:29:19.021033 after 124.66 seconds
[0m20:29:19.021576 [debug] [MainThread]: Sending event: {'category': 'dbt', 'action': 'invocation', 'label': 'end', 'context': [<snowplow_tracker.self_describing_json.SelfDescribingJson object at 0x795464840670>, <snowplow_tracker.self_describing_json.SelfDescribingJson object at 0x7954637e95a0>, <snowplow_tracker.self_describing_json.SelfDescribingJson object at 0x7954637e9e70>]}
[0m20:29:19.022116 [debug] [MainThread]: Flushing usage events
[0m20:29:19.109067 [debug] [MainThread]: An error was encountered while trying to flush usage events
